15:23:49: Creating resource group General
15:23:49: Creating resource group Internal
15:23:49: Creating resource group Autodetect
15:23:49: SceneManagerFactory for type 'DefaultSceneManager' registered.
15:23:49: Registering ResourceManager for type Material
15:23:49: Registering ResourceManager for type Mesh
15:23:49: Registering ResourceManager for type Skeleton
15:23:49: MovableObjectFactory for type 'ParticleSystem' registered.
15:23:49: ArchiveFactory for archive type FileSystem registered.
15:23:49: ArchiveFactory for archive type Zip registered.
15:23:49: ArchiveFactory for archive type EmbeddedZip registered.
15:23:49: DDS codec registering
15:23:49: FreeImage version: 3.15.3
15:23:49: This program uses FreeImage, a free, open source image library supporting all common bitmap formats. See http://freeimage.sourceforge.net for details
15:23:49: Supported formats: bmp,ico,jpg,jif,jpeg,jpe,jng,koa,iff,lbm,mng,pbm,pbm,pcd,pcx,pgm,pgm,png,ppm,ppm,ras,tga,targa,tif,tiff,wap,wbmp,wbm,psd,cut,xbm,xpm,gif,hdr,g3,sgi,exr,j2k,j2c,jp2,pfm,pct,pict,pic,3fr,arw,bay,bmq,cap,cine,cr2,crw,cs1,dc2,dcr,drf,dsc,dng,erf,fff,ia,iiq,k25,kc2,kdc,mdc,mef,mos,mrw,nef,nrw,orf,pef,ptx,pxn,qtk,raf,raw,rdc,rw2,rwl,rwz,sr2,srf,srw,sti
15:23:49: Registering ResourceManager for type HighLevelGpuProgram
15:23:49: Registering ResourceManager for type Compositor
15:23:49: MovableObjectFactory for type 'Entity' registered.
15:23:49: MovableObjectFactory for type 'Light' registered.
15:23:49: MovableObjectFactory for type 'BillboardSet' registered.
15:23:49: MovableObjectFactory for type 'ManualObject' registered.
15:23:49: MovableObjectFactory for type 'BillboardChain' registered.
15:23:49: MovableObjectFactory for type 'RibbonTrail' registered.
15:23:49: *-*-* OGRE Initialising
15:23:49: *-*-* Version 1.9.0 (Ghadamon)
15:23:49: Loading library RenderSystem_GL_d
15:23:49: Installing plugin: GL RenderSystem
15:23:49: OpenGL Rendering Subsystem created.
15:23:50: Plugin successfully installed
15:23:50: Loading library Plugin_ParticleFX_d
15:23:50: Installing plugin: ParticleFX
15:23:50: Particle Emitter Type 'Point' registered
15:23:50: Particle Emitter Type 'Box' registered
15:23:50: Particle Emitter Type 'Ellipsoid' registered
15:23:50: Particle Emitter Type 'Cylinder' registered
15:23:50: Particle Emitter Type 'Ring' registered
15:23:50: Particle Emitter Type 'HollowEllipsoid' registered
15:23:50: Particle Affector Type 'LinearForce' registered
15:23:50: Particle Affector Type 'ColourFader' registered
15:23:50: Particle Affector Type 'ColourFader2' registered
15:23:50: Particle Affector Type 'ColourImage' registered
15:23:50: Particle Affector Type 'ColourInterpolator' registered
15:23:50: Particle Affector Type 'Scaler' registered
15:23:50: Particle Affector Type 'Rotator' registered
15:23:50: Particle Affector Type 'DirectionRandomiser' registered
15:23:50: Particle Affector Type 'DeflectorPlane' registered
15:23:50: Plugin successfully installed
15:23:50: Loading library Plugin_OctreeSceneManager_d
15:23:50: Installing plugin: Octree Scene Manager
15:23:50: Plugin successfully installed
15:23:50: Loading library Plugin_CgProgramManager_d
15:23:50: Installing plugin: Cg Program Manager
15:23:50: Plugin successfully installed
15:23:50: Loading library OgreOverlay_d
15:23:50: OGRE EXCEPTION(5:ItemIdentityException): Cannot find symbol dllStartPlugin in library OgreOverlay_d in Root::loadPlugin at ..\..\..\..\OgreMain\src\OgreRoot.cpp (line 1337)
